
> moose-jsx@0.1.0 build
> next build

- info Loaded env from /Volumes/jonasachdev/git/repositories/chonga/.env.local
- info Linting and checking validity of types...
- info Creating an optimized production build...
- info Using wasm build of next-swc
- info Compiled successfully
- info Collecting page data...
- info Generating static pages (0/7)
a.start
arenalist1.arenaEndPoint default
arenalist1.sessionId default
- info Generating static pages (1/7)
What is selected default
- info Generating static pages (3/7)
- info Generating static pages (5/7)
- info Generating static pages (7/7)
- info Finalizing page optimization...

Route (pages)                              Size     First Load JS
┌ λ /                                      259 B          76.7 kB
├   /_app                                  0 B            76.4 kB
├ ○ /404                                   182 B          76.6 kB
├ λ /api                                   0 B            76.4 kB
├ λ /api/arenaenv                          0 B            76.4 kB
├ λ /api/arenaget                          0 B            76.4 kB
├ λ /api/arenalogin                        0 B            76.4 kB
├ λ /api/arenasearch                       0 B            76.4 kB
├ λ /api/element                           0 B            76.4 kB
├ λ /api/elements/[eid]/parts              0 B            76.4 kB
├ λ /api/event                             0 B            76.4 kB
├ λ /api/gltf                              0 B            76.4 kB
├ λ /api/gltf/[tid]                        0 B            76.4 kB
├ λ /api/grantDenied                       0 B            76.4 kB
├ λ /api/home                              0 B            76.4 kB
├ λ /api/oauthRedirect                     0 B            76.4 kB
├ λ /api/oauthRefresh                      0 B            76.4 kB
├ λ /api/oauthSignin                       0 B            76.4 kB
├ λ /api/parts                             0 B            76.4 kB
├ ○ /arenalist                             3.6 kB          128 kB
├ ○ /auth                                  35.4 kB         157 kB
├ ○ /home                                  10 kB           119 kB
├ ○ /itemdetails                           1.44 kB         119 kB
└ ○ /qualitydetail                         3.55 kB         128 kB
+ First Load JS shared by all              76.4 kB
  ├ chunks/framework-7a7e500878b44665.js   45.2 kB
  ├ chunks/main-92011a1a7f336a6f.js        28.5 kB
  ├ chunks/pages/_app-21d708af450d0222.js  512 B
  └ chunks/webpack-3bb0259a1acce200.js     2.19 kB

λ  (Server)  server-side renders at runtime (uses getInitialProps or getServerSideProps)
○  (Static)  automatically rendered as static HTML (uses no initial props)

