.
├── components
│   ├── Footer.js
│   ├── MainContent.js
│   ├── login.js
│   ├── logo.js
│   ├── sidenav.js
│   └── topnav.js
├── contexts
│   └── ArenaContext.js
├── guards
├── hooks
│   └── use-auth.js
├── layouts
│   ├── LandingPage
│   │   ├── layout copy.js
│   │   └── layout.js
│   └── auth
│       └── layout.js
├── pages
│   ├── LandingPage.js
│   ├── _app.js
│   ├── api
│   │   ├── arenaenv.js
│   │   ├── arenaget.js
│   │   ├── arenalogin.js
│   │   ├── arenasearch.js
│   │   ├── grantDenied.js
│   │   ├── oauthRedirect.js
│   │   ├── oauthRefresh.js
│   │   └── oauthSignin.js
│   ├── arenachanges.js
│   ├── arenalist.js
│   ├── auth
│   │   └── index.js
│   ├── home.js
│   ├── index.js
│   ├── itemdetails.js
│   ├── items.js
│   ├── qualitydetail.js
│   └── services
│       ├── translation-service.js
│       └── webhook-service.js
├── sections
│   └── settings
├── theme
│   ├── colors.js
│   └── index.js
├── tree.log
├── utils
│   ├── config.js
│   ├── create-emotion-cache.js
│   └── utils.js
└── web
    └── js
        └── index.js

18 directories, 38 files
